             TOTAL TEST COUNT: 941  TESTS PASSED: 398  LEAKING: 28 
                     STD_OUT: 346  STD_ERR: 129  EXIT_CODE: 337  
                         TOTAL FAILED AND PASSED CASES:
                                     âŒ 812   
                                     âœ… 2011  
/////////////////////////////////////////////////////////////////////////////////////
             TOTAL TEST COUNT: 941  TESTS PASSED: 483  LEAKING: 0 //run without leaks
                     STD_OUT: 241  STD_ERR: 129  EXIT_CODE: 337  
                         TOTAL FAILED AND PASSED CASES:
                                     âŒ 707   
                                     âœ… 2116  
////////////////////////////////////////////////////////////////////////////////////
             TOTAL TEST COUNT: 941  TESTS PASSED: 548  LEAKING: 0  // run without leaks
                     STD_OUT: 192  STD_ERR: 84  EXIT_CODE: 280  
                         TOTAL FAILED AND PASSED CASES:
                                     âŒ 556   
                                     âœ… 2267 
//////////////////////////////////////////////////////////////////////////////////
           TOTAL TEST COUNT: 941  TESTS PASSED: 548  LEAKING: 0 
                     STD_OUT: 180  STD_ERR: 74  EXIT_CODE: 280  
                         TOTAL FAILED AND PASSED CASES:
                                     âŒ 534   
                                     âœ… 2289 
///////////////////////////////////////////////////////////////////////////////////
             TOTAL TEST COUNT: 941  TESTS PASSED: 550  LEAKING: 0 
                     STD_OUT: 180  STD_ERR: 74  EXIT_CODE: 278  
                         TOTAL FAILED AND PASSED CASES:
                                     âŒ 532   
                                     âœ… 2291   
///////////////////////////////////////////////////////////////////////////////////
             TOTAL TEST COUNT: 941  TESTS PASSED: 554  LEAKING: 0 
                     STD_OUT: 176  STD_ERR: 74  EXIT_CODE: 278  
                         TOTAL FAILED AND PASSED CASES:
                                     âŒ 528   
                                     âœ… 2295  
///////////////////////////////////////////////////////////////////////////////////
             TOTAL TEST COUNT: 941  TESTS PASSED: 568  LEAKING: 0 
                     STD_OUT: 125  STD_ERR: 38  EXIT_CODE: 279  
                         TOTAL FAILED AND PASSED CASES:
                                     âŒ 442   
                                     âœ… 2381 
////////////////////////////////////////////////////////////////////////////////////
             TOTAL TEST COUNT: 941  TESTS PASSED: 793  LEAKING: 0 
                     STD_OUT: 125  STD_ERR: 38  EXIT_CODE: 60  
                         TOTAL FAILED AND PASSED CASES:
                                     âŒ 223   
                                     âœ… 2600 
//////////////////////////////////////////////////////////////////////////////////////
             TOTAL TEST COUNT: 941  TESTS PASSED: 802  LEAKING: 0 
                     STD_OUT: 118  STD_ERR: 36  EXIT_CODE: 58  
                         TOTAL FAILED AND PASSED CASES:
                                     âŒ 212   
                                     âœ… 2611   
/////////////////////////////////////////////////////////////////////////////////////
             TOTAL TEST COUNT: 941  TESTS PASSED: 805  LEAKING: 0 
                     STD_OUT: 115  STD_ERR: 36  EXIT_CODE: 58  
                         TOTAL FAILED AND PASSED CASES:
                                     âŒ 209   
                                     âœ… 2614
/////////////////////////////////////////////////////////////////////////////////////
             TOTAL TEST COUNT: 941  TESTS PASSED: 811  LEAKING: 0 
                     STD_OUT: 109  STD_ERR: 28  EXIT_CODE: 53  
                         TOTAL FAILED AND PASSED CASES:
                                     âŒ 190   
                                     âœ… 2633
/////////////////////////////////////////////////////////////////////////////////////
             TOTAL TEST COUNT: 941  TESTS PASSED: 813  LEAKING: 0 
                     STD_OUT: 109  STD_ERR: 26  EXIT_CODE: 51  
                         TOTAL FAILED AND PASSED CASES:
                                     âŒ 186   
                                     âœ… 2637
////////////////////////////////////////////////////////////////////////////////////
                     STD_OUT: 109  STD_ERR: 25  EXIT_CODE: 25  
                         TOTAL FAILED AND PASSED CASES:
                                     âŒ 159   
                                     âœ… 2664   
////////////////////////////////////////////////////////////////////////////////////

litte tester:
126/146
ðŸ˜­ ðŸ˜­ ðŸ˜­
123/146   after adding whitespaces
ðŸ˜­ ðŸ˜­ ðŸ˜­
125/146
ðŸ˜­ ðŸ˜­ ðŸ˜­
126/146
ðŸ˜­ ðŸ˜­ ðŸ˜­
140/146
ðŸ˜­ ðŸ˜­ ðŸ˜­
144/146
ðŸ˜­ ðŸ˜­ ðŸ˜­


Test  15: âœ… echo "exit_code ->$? user ->$USER home -> $HOME" 
Test  16: âœ… echo 'exit_code ->$? user ->$USER home -> $HOME' 


Syntax errors
19
~

43 
>echo>
/bin/rm -f echo

46
 <echo<
/bin/rm -f echo

49
>>echo>>
/bin/rm -f echo

Parsing hell
32
cat << $USER
why
not
$USER

40
cat << "$USER"
why
not
$USER

45
cat << "$US"E"R"
because
we
love
bash
$USER

313
exit 9223372036854775805

315
exit 123"123"

319
>| echo sure

321
cd --   minishell: cd: options not supported



mzhivoto@c1r5p3:~$ exit 9223372036854775805
exit
mzhivoto@c1r5p3 ~ % echo $?
253
mzhivoto@c1r5p3 ~ % bash
mzhivoto@c1r5p3:~$ exit 123"123"
exit
mzhivoto@c1r5p3 ~ % echo $?
243

mzhivoto@c1r5p3:~/42cursus/PROJECTS/GitHub/42school_Minishell$ >| echo sure
Command 'sure' not found, but can be installed with:
apt install python3-sure
